<?xml version="1.0" encoding="UTF-8"?>
<testng-results ignored="0" total="10" passed="10" failed="0" skipped="0">
  <reporter-output>
  </reporter-output>
  <suite started-at="2023-10-27T19:29:40 IST" name="Suite" finished-at="2023-10-27T19:29:48 IST" duration-ms="8136">
    <groups>
    </groups>
    <test started-at="2023-10-27T19:29:40 IST" name="Test" finished-at="2023-10-27T19:29:48 IST" duration-ms="8136">
      <class name="org.testing.testScripts.TC8_GetParticular">
        <test-method signature="testCase8()[pri:0, instance:org.testing.testScripts.TC8_GetParticular@223d2c72]" started-at="2023-10-27T19:29:45 IST" name="testCase8" finished-at="2023-10-27T19:29:46 IST" duration-ms="1409" status="PASS">
          <reporter-output>
          </reporter-output>
        </test-method> <!-- testCase8 -->
      </class> <!-- org.testing.testScripts.TC8_GetParticular -->
      <class name="org.testing.testScripts.TC5_DeleteMethod">
        <test-method signature="testCase5()[pri:0, instance:org.testing.testScripts.TC5_DeleteMethod@49ec71f8]" started-at="2023-10-27T19:29:42 IST" name="testCase5" finished-at="2023-10-27T19:29:43 IST" duration-ms="48" status="PASS">
          <reporter-output>
          </reporter-output>
        </test-method> <!-- testCase5 -->
      </class> <!-- org.testing.testScripts.TC5_DeleteMethod -->
      <class name="org.testing.testScripts.TC2_GetAllRequest">
        <test-method signature="testCase2()[pri:0, instance:org.testing.testScripts.TC2_GetAllRequest@36bc55de]" started-at="2023-10-27T19:29:42 IST" name="testCase2" finished-at="2023-10-27T19:29:42 IST" duration-ms="67" status="PASS">
          <reporter-output>
          </reporter-output>
        </test-method> <!-- testCase2 -->
      </class> <!-- org.testing.testScripts.TC2_GetAllRequest -->
      <class name="org.testing.testScripts.TC9_UpdateRequest">
        <test-method signature="testCase9()[pri:0, instance:org.testing.testScripts.TC9_UpdateRequest@8f4ea7c]" started-at="2023-10-27T19:29:46 IST" name="testCase9" finished-at="2023-10-27T19:29:47 IST" duration-ms="1015" status="PASS">
          <reporter-output>
          </reporter-output>
        </test-method> <!-- testCase9 -->
      </class> <!-- org.testing.testScripts.TC9_UpdateRequest -->
      <class name="org.testing.testScripts.TC10_DeleteMethod">
        <test-method signature="testCase10()[pri:0, instance:org.testing.testScripts.TC10_DeleteMethod@436813f3]" started-at="2023-10-27T19:29:47 IST" name="testCase10" finished-at="2023-10-27T19:29:48 IST" duration-ms="954" status="PASS">
          <reporter-output>
          </reporter-output>
        </test-method> <!-- testCase10 -->
      </class> <!-- org.testing.testScripts.TC10_DeleteMethod -->
      <class name="org.testing.testScripts.TC4_UpdateRequest">
        <test-method signature="testCase4()[pri:0, instance:org.testing.testScripts.TC4_UpdateRequest@16d04d3d]" started-at="2023-10-27T19:29:42 IST" name="testCase4" finished-at="2023-10-27T19:29:42 IST" duration-ms="44" status="PASS">
          <reporter-output>
          </reporter-output>
        </test-method> <!-- testCase4 -->
      </class> <!-- org.testing.testScripts.TC4_UpdateRequest -->
      <class name="org.testing.testScripts.TC1_PostRequest">
        <test-method signature="testCase1()[pri:0, instance:org.testing.testScripts.TC1_PostRequest@595b007d]" started-at="2023-10-27T19:29:40 IST" name="testCase1" finished-at="2023-10-27T19:29:42 IST" duration-ms="2229" status="PASS">
          <reporter-output>
          </reporter-output>
        </test-method> <!-- testCase1 -->
      </class> <!-- org.testing.testScripts.TC1_PostRequest -->
      <class name="org.testing.testScripts.TC3_GetParticular">
        <test-method signature="testCase3()[pri:0, instance:org.testing.testScripts.TC3_GetParticular@564fabc8]" started-at="2023-10-27T19:29:42 IST" name="testCase3" finished-at="2023-10-27T19:29:42 IST" duration-ms="18" status="PASS">
          <reporter-output>
          </reporter-output>
        </test-method> <!-- testCase3 -->
      </class> <!-- org.testing.testScripts.TC3_GetParticular -->
      <class name="org.testing.testScripts.TC6_PostRequest">
        <test-method signature="testCase6()[pri:0, instance:org.testing.testScripts.TC6_PostRequest@1d2adfbe]" started-at="2023-10-27T19:29:43 IST" name="testCase6" finished-at="2023-10-27T19:29:44 IST" duration-ms="1213" status="PASS">
          <reporter-output>
          </reporter-output>
        </test-method> <!-- testCase6 -->
      </class> <!-- org.testing.testScripts.TC6_PostRequest -->
      <class name="org.testing.testScripts.TC7_GetAllRequest">
        <test-method signature="testCase7()[pri:0, instance:org.testing.testScripts.TC7_GetAllRequest@36902638]" started-at="2023-10-27T19:29:44 IST" name="testCase7" finished-at="2023-10-27T19:29:45 IST" duration-ms="1081" status="PASS">
          <reporter-output>
          </reporter-output>
        </test-method> <!-- testCase7 -->
      </class> <!-- org.testing.testScripts.TC7_GetAllRequest -->
    </test> <!-- Test -->
  </suite> <!-- Suite -->
</testng-results>
