<?xml version="1.0" encoding="UTF-8"?>
<!-- Generated by org.testng.reporters.JUnitXMLReporter -->
<testsuite ignored="0" hostname="LAPTOP-86P31LN5" failures="0" tests="10" name="Test" time="8.136" errors="0" timestamp="2023-10-27T19:29:48 IST">
  <testcase classname="org.testing.testScripts.TC1_PostRequest" name="testCase1" time="2.229"/>
  <testcase classname="org.testing.testScripts.TC2_GetAllRequest" name="testCase2" time="0.067"/>
  <testcase classname="org.testing.testScripts.TC3_GetParticular" name="testCase3" time="0.018"/>
  <testcase classname="org.testing.testScripts.TC4_UpdateRequest" name="testCase4" time="0.044"/>
  <testcase classname="org.testing.testScripts.TC5_DeleteMethod" name="testCase5" time="0.048"/>
  <testcase classname="org.testing.testScripts.TC6_PostRequest" name="testCase6" time="1.213"/>
  <testcase classname="org.testing.testScripts.TC7_GetAllRequest" name="testCase7" time="1.081"/>
  <testcase classname="org.testing.testScripts.TC8_GetParticular" name="testCase8" time="1.409"/>
  <testcase classname="org.testing.testScripts.TC9_UpdateRequest" name="testCase9" time="1.015"/>
  <testcase classname="org.testing.testScripts.TC10_DeleteMethod" name="testCase10" time="0.954"/>
</testsuite> <!-- Test -->
